<?xml version="1.0" encoding="UTF-8"?>
<testng-results ignored="0" total="2" passed="2" failed="0" skipped="0">
  <reporter-output>
  </reporter-output>
  <suite started-at="2024-09-03T10:27:47 BST" name="All Test Suite" finished-at="2024-09-03T10:28:04 BST" duration-ms="16778">
    <groups>
    </groups>
    <test started-at="2024-09-03T10:27:47 BST" name="EdgeTest" finished-at="2024-09-03T10:28:04 BST" duration-ms="16778">
      <class name="Tests.EdgeTest">
        <test-method signature="testEdgeDriver()[pri:0, instance:Tests.EdgeTest@323b36e0]" started-at="2024-09-03T10:27:47 BST" name="testEdgeDriver" finished-at="2024-09-03T10:28:04 BST" duration-ms="16705" status="PASS">
          <reporter-output>
          </reporter-output>
        </test-method> <!-- testEdgeDriver -->
      </class> <!-- Tests.EdgeTest -->
    </test> <!-- EdgeTest -->
  </suite> <!-- All Test Suite -->
  <suite started-at="2024-09-03T10:28:04 BST" name="All Test Suite (0)" finished-at="2024-09-03T10:28:11 BST" duration-ms="7501">
    <groups>
    </groups>
    <test started-at="2024-09-03T10:28:04 BST" name="ChromeTest" finished-at="2024-09-03T10:28:11 BST" duration-ms="7501">
      <class name="Tests.ChromeTest">
        <test-method signature="testChromeDriver()[pri:0, instance:Tests.ChromeTest@6aeb35e6]" started-at="2024-09-03T10:28:04 BST" name="testChromeDriver" finished-at="2024-09-03T10:28:11 BST" duration-ms="7499" status="PASS">
          <reporter-output>
          </reporter-output>
        </test-method> <!-- testChromeDriver -->
      </class> <!-- Tests.ChromeTest -->
    </test> <!-- ChromeTest -->
  </suite> <!-- All Test Suite (0) -->
</testng-results>
